<?xml version="1.0" encoding="UTF-8"?>
<testsuite name="com.planet.develop.Service.ExpenditureTest" tests="1" skipped="0" failures="0" errors="0" timestamp="2022-01-05T07:29:29" hostname="DESKTOP-KC736I6" time="0.457">
  <properties/>
  <testcase name="사용자별_친반환경_지출내역_가져오기()" classname="com.planet.develop.Service.ExpenditureTest" time="0.457"/>
  <system-out><![CDATA[16:29:20.848 [Test worker] DEBUG org.springframework.test.context.BootstrapUtils - Instantiating CacheAwareContextLoaderDelegate from class [org.springframework.test.context.cache.DefaultCacheAwareContextLoaderDelegate]
16:29:20.863 [Test worker] DEBUG org.springframework.test.context.BootstrapUtils - Instantiating BootstrapContext using constructor [public org.springframework.test.context.support.DefaultBootstrapContext(java.lang.Class,org.springframework.test.context.CacheAwareContextLoaderDelegate)]
16:29:20.905 [Test worker] DEBUG org.springframework.test.context.BootstrapUtils - Instantiating TestContextBootstrapper for test class [com.planet.develop.Service.ExpenditureTest] from class [org.springframework.boot.test.context.SpringBootTestContextBootstrapper]
16:29:20.921 [Test worker] INFO org.springframework.boot.test.context.SpringBootTestContextBootstrapper - Neither @ContextConfiguration nor @ContextHierarchy found for test class [com.planet.develop.Service.ExpenditureTest], using SpringBootContextLoader
16:29:20.926 [Test worker] DEBUG org.springframework.test.context.support.AbstractContextLoader - Did not detect default resource location for test class [com.planet.develop.Service.ExpenditureTest]: class path resource [com/planet/develop/Service/ExpenditureTest-context.xml] does not exist
16:29:20.927 [Test worker] DEBUG org.springframework.test.context.support.AbstractContextLoader - Did not detect default resource location for test class [com.planet.develop.Service.ExpenditureTest]: class path resource [com/planet/develop/Service/ExpenditureTestContext.groovy] does not exist
16:29:20.928 [Test worker] INFO org.springframework.test.context.support.AbstractContextLoader - Could not detect default resource locations for test class [com.planet.develop.Service.ExpenditureTest]: no resource found for suffixes {-context.xml, Context.groovy}.
16:29:20.929 [Test worker] INFO org.springframework.test.context.support.AnnotationConfigContextLoaderUtils - Could not detect default configuration classes for test class [com.planet.develop.Service.ExpenditureTest]: ExpenditureTest does not declare any static, non-private, non-final, nested classes annotated with @Configuration.
16:29:21.000 [Test worker] DEBUG org.springframework.test.context.support.ActiveProfilesUtils - Could not find an 'annotation declaring class' for annotation type [org.springframework.test.context.ActiveProfiles] and class [com.planet.develop.Service.ExpenditureTest]
16:29:21.113 [Test worker] DEBUG org.springframework.context.annotation.ClassPathScanningCandidateComponentProvider - Identified candidate component class: file [C:\Users\topjo\OneDrive\바탕 화면\PLANet\build\classes\java\main\com\planet\develop\DevelopApplication.class]
16:29:21.115 [Test worker] INFO org.springframework.boot.test.context.SpringBootTestContextBootstrapper - Found @SpringBootConfiguration com.planet.develop.DevelopApplication for test class com.planet.develop.Service.ExpenditureTest
16:29:21.289 [Test worker] DEBUG org.springframework.boot.test.context.SpringBootTestContextBootstrapper - @TestExecutionListeners is not present for class [com.planet.develop.Service.ExpenditureTest]: using defaults.
16:29:21.290 [Test worker] INFO org.springframework.boot.test.context.SpringBootTestContextBootstrapper - Loaded default TestExecutionListener class names from location [META-INF/spring.factories]: [org.springframework.boot.test.autoconfigure.restdocs.RestDocsTestExecutionListener, org.springframework.boot.test.autoconfigure.web.client.MockRestServiceServerResetTestExecutionListener, org.springframework.boot.test.autoconfigure.web.servlet.MockMvcPrintOnlyOnFailureTestExecutionListener, org.springframework.boot.test.autoconfigure.web.servlet.WebDriverTestExecutionListener, org.springframework.boot.test.autoconfigure.webservices.client.MockWebServiceServerTestExecutionListener, org.springframework.boot.test.mock.mockito.MockitoTestExecutionListener, org.springframework.boot.test.mock.mockito.ResetMocksTestExecutionListener, org.springframework.test.context.web.ServletTestExecutionListener, org.springframework.test.context.support.DirtiesContextBeforeModesTestExecutionListener, org.springframework.test.context.event.ApplicationEventsTestExecutionListener, org.springframework.test.context.support.DependencyInjectionTestExecutionListener, org.springframework.test.context.support.DirtiesContextTestExecutionListener, org.springframework.test.context.transaction.TransactionalTestExecutionListener, org.springframework.test.context.jdbc.SqlScriptsTestExecutionListener, org.springframework.test.context.event.EventPublishingTestExecutionListener]
16:29:21.322 [Test worker] INFO org.springframework.boot.test.context.SpringBootTestContextBootstrapper - Using TestExecutionListeners: [org.springframework.test.context.web.ServletTestExecutionListener@7a7471ce, org.springframework.test.context.support.DirtiesContextBeforeModesTestExecutionListener@28276e50, org.springframework.test.context.event.ApplicationEventsTestExecutionListener@62e70ea3, org.springframework.boot.test.mock.mockito.MockitoTestExecutionListener@3efe7086, org.springframework.boot.test.autoconfigure.SpringBootDependencyInjectionTestExecutionListener@675d8c96, org.springframework.test.context.support.DirtiesContextTestExecutionListener@741b3bc3, org.springframework.test.context.transaction.TransactionalTestExecutionListener@2ed3b1f5, org.springframework.test.context.jdbc.SqlScriptsTestExecutionListener@63648ee9, org.springframework.test.context.event.EventPublishingTestExecutionListener@68d6972f, org.springframework.boot.test.autoconfigure.restdocs.RestDocsTestExecutionListener@45be7cd5, org.springframework.boot.test.autoconfigure.web.client.MockRestServiceServerResetTestExecutionListener@7651218e, org.springframework.boot.test.autoconfigure.web.servlet.MockMvcPrintOnlyOnFailureTestExecutionListener@3185fa6b, org.springframework.boot.test.autoconfigure.web.servlet.WebDriverTestExecutionListener@6d366c9b, org.springframework.boot.test.autoconfigure.webservices.client.MockWebServiceServerTestExecutionListener@5b58ed3c, org.springframework.boot.test.mock.mockito.ResetMocksTestExecutionListener@24faea88]
16:29:21.331 [Test worker] DEBUG org.springframework.test.context.support.AbstractDirtiesContextTestExecutionListener - Before test class: context [DefaultTestContext@7e242b4d testClass = ExpenditureTest, testInstance = [null], testMethod = [null], testException = [null], mergedContextConfiguration = [WebMergedContextConfiguration@305f031 testClass = ExpenditureTest, locations = '{}', classes = '{class com.planet.develop.DevelopApplication}', contextInitializerClasses = '[]', activeProfiles = '{}', propertySourceLocations = '{}', propertySourceProperties = '{org.springframework.boot.test.context.SpringBootTestContextBootstrapper=true}', contextCustomizers = set[org.springframework.boot.test.autoconfigure.actuate.metrics.MetricsExportContextCustomizerFactory$DisableMetricExportContextCustomizer@12f9af83, org.springframework.boot.test.autoconfigure.properties.PropertyMappingContextCustomizer@0, org.springframework.boot.test.autoconfigure.web.servlet.WebDriverContextCustomizerFactory$Customizer@1b7c473a, org.springframework.boot.test.context.filter.ExcludeFilterContextCustomizer@535779e4, org.springframework.boot.test.json.DuplicateJsonObjectContextCustomizerFactory$DuplicateJsonObjectContextCustomizer@4ce1d6d0, org.springframework.boot.test.mock.mockito.MockitoContextCustomizer@0, org.springframework.boot.test.web.client.TestRestTemplateContextCustomizer@40238dd0, org.springframework.boot.test.context.SpringBootTestArgs@1, org.springframework.boot.test.context.SpringBootTestWebEnvironment@6b8ca3c8], resourceBasePath = 'src/main/webapp', contextLoader = 'org.springframework.boot.test.context.SpringBootContextLoader', parent = [null]], attributes = map['org.springframework.test.context.web.ServletTestExecutionListener.activateListener' -> true]], class annotated with @DirtiesContext [false] with mode [null].
16:29:21.401 [Test worker] DEBUG org.springframework.boot.ApplicationServletEnvironment - Activating profiles []
16:29:21.403 [Test worker] DEBUG org.springframework.test.context.support.TestPropertySourceUtils - Adding inlined properties to environment: {spring.jmx.enabled=false, org.springframework.boot.test.context.SpringBootTestContextBootstrapper=true}

  .   ____          _            __ _ _
 /\\ / ___'_ __ _ _(_)_ __  __ _ \ \ \ \
( ( )\___ | '_ | '_| | '_ \/ _` | \ \ \ \
 \\/  ___)| |_)| | | | | || (_| |  ) ) ) )
  '  |____| .__|_| |_|_| |_\__, | / / / /
 =========|_|==============|___/=/_/_/_/
 :: Spring Boot ::                (v2.6.1)

2022-01-05 16:29:21.909  INFO 23284 --- [    Test worker] c.p.develop.Service.ExpenditureTest      : Starting ExpenditureTest using Java 14.0.2 on DESKTOP-KC736I6 with PID 23284 (started by topjo in C:\Users\topjo\OneDrive\바탕 화면\PLANet)
2022-01-05 16:29:21.910  INFO 23284 --- [    Test worker] c.p.develop.Service.ExpenditureTest      : No active profile set, falling back to default profiles: default
2022-01-05 16:29:23.226  INFO 23284 --- [    Test worker] .s.d.r.c.RepositoryConfigurationDelegate : Bootstrapping Spring Data JPA repositories in DEFAULT mode.
2022-01-05 16:29:23.360  INFO 23284 --- [    Test worker] .s.d.r.c.RepositoryConfigurationDelegate : Finished Spring Data repository scanning in 119 ms. Found 4 JPA repository interfaces.
2022-01-05 16:29:24.420  INFO 23284 --- [    Test worker] o.hibernate.jpa.internal.util.LogHelper  : HHH000204: Processing PersistenceUnitInfo [name: default]
2022-01-05 16:29:24.513  INFO 23284 --- [    Test worker] org.hibernate.Version                    : HHH000412: Hibernate ORM core version 5.6.1.Final
2022-01-05 16:29:24.836  INFO 23284 --- [    Test worker] o.hibernate.annotations.common.Version   : HCANN000001: Hibernate Commons Annotations {5.1.2.Final}
2022-01-05 16:29:25.076  INFO 23284 --- [    Test worker] com.zaxxer.hikari.HikariDataSource       : HikariPool-1 - Starting...
2022-01-05 16:29:25.186  INFO 23284 --- [    Test worker] com.zaxxer.hikari.HikariDataSource       : HikariPool-1 - Start completed.
2022-01-05 16:29:25.250  INFO 23284 --- [    Test worker] org.hibernate.dialect.Dialect            : HHH000400: Using dialect: org.hibernate.dialect.MariaDB106Dialect
2022-01-05 16:29:26.652  INFO 23284 --- [    Test worker] o.h.e.t.j.p.i.JtaPlatformInitiator       : HHH000490: Using JtaPlatform implementation: [org.hibernate.engine.transaction.jta.platform.internal.NoJtaPlatform]
2022-01-05 16:29:26.664  INFO 23284 --- [    Test worker] j.LocalContainerEntityManagerFactoryBean : Initialized JPA EntityManagerFactory for persistence unit 'default'
2022-01-05 16:29:27.824  WARN 23284 --- [    Test worker] JpaBaseConfiguration$JpaWebConfiguration : spring.jpa.open-in-view is enabled by default. Therefore, database queries may be performed during view rendering. Explicitly configure spring.jpa.open-in-view to disable this warning
2022-01-05 16:29:28.613  WARN 23284 --- [    Test worker] ion$DefaultTemplateResolverConfiguration : Cannot find template location: classpath:/templates/ (please add some templates or check your Thymeleaf configuration)
2022-01-05 16:29:28.985  INFO 23284 --- [    Test worker] c.p.develop.Service.ExpenditureTest      : Started ExpenditureTest in 7.58 seconds (JVM running for 9.506)
Hibernate: 
    select
        user2_.user_name as col_0_0_,
        expenditur0_.cost as col_1_0_,
        expenditur1_.eco as col_2_0_ 
    from
        expenditure expenditur0_ 
    left outer join
        expenditure_detail expenditur1_ 
            on (
                expenditur0_.eno=expenditur1_.eno
            ) cross 
    join
        user user2_ 
    where
        expenditur0_.user_id=user2_.user_id 
        and expenditur0_.user_id=? 
        and expenditur1_.eco=?
-----지출 리스트-----
[user7, 61480.0, N]
[user7, 71850.0, N]
[user7, 91285.0, N]
[user7, 53196.0, N]
Hibernate: 
    select
        user2_.user_name as col_0_0_,
        expenditur0_.cost as col_1_0_,
        expenditur1_.eco as col_2_0_ 
    from
        expenditure expenditur0_ 
    left outer join
        expenditure_detail expenditur1_ 
            on (
                expenditur0_.eno=expenditur1_.eno
            ) cross 
    join
        user user2_ 
    where
        expenditur0_.user_id=user2_.user_id 
        and expenditur0_.user_id=? 
        and expenditur1_.eco=?
user7@naver.com 님의 반친환경적인 총 지출 금액은 277811원 입니다.
]]></system-out>
  <system-err><![CDATA[]]></system-err>
</testsuite>
