<?xml version="1.0" encoding="UTF-8"?>
<testsuite name="com.planet.develop.Service.ExpenditureServiceTest" tests="1" skipped="0" failures="0" errors="0" timestamp="2021-12-28T08:35:08" hostname="DESKTOP-KC736I6" time="0.498">
  <properties/>
  <testcase name="insertExpenditure()" classname="com.planet.develop.Service.ExpenditureServiceTest" time="0.498"/>
  <system-out><![CDATA[17:35:01.132 [Test worker] DEBUG org.springframework.test.context.BootstrapUtils - Instantiating CacheAwareContextLoaderDelegate from class [org.springframework.test.context.cache.DefaultCacheAwareContextLoaderDelegate]
17:35:01.147 [Test worker] DEBUG org.springframework.test.context.BootstrapUtils - Instantiating BootstrapContext using constructor [public org.springframework.test.context.support.DefaultBootstrapContext(java.lang.Class,org.springframework.test.context.CacheAwareContextLoaderDelegate)]
17:35:01.194 [Test worker] DEBUG org.springframework.test.context.BootstrapUtils - Instantiating TestContextBootstrapper for test class [com.planet.develop.Service.ExpenditureServiceTest] from class [org.springframework.boot.test.context.SpringBootTestContextBootstrapper]
17:35:01.225 [Test worker] INFO org.springframework.boot.test.context.SpringBootTestContextBootstrapper - Neither @ContextConfiguration nor @ContextHierarchy found for test class [com.planet.develop.Service.ExpenditureServiceTest], using SpringBootContextLoader
17:35:01.225 [Test worker] DEBUG org.springframework.test.context.support.AbstractContextLoader - Did not detect default resource location for test class [com.planet.develop.Service.ExpenditureServiceTest]: class path resource [com/planet/develop/Service/ExpenditureServiceTest-context.xml] does not exist
17:35:01.225 [Test worker] DEBUG org.springframework.test.context.support.AbstractContextLoader - Did not detect default resource location for test class [com.planet.develop.Service.ExpenditureServiceTest]: class path resource [com/planet/develop/Service/ExpenditureServiceTestContext.groovy] does not exist
17:35:01.225 [Test worker] INFO org.springframework.test.context.support.AbstractContextLoader - Could not detect default resource locations for test class [com.planet.develop.Service.ExpenditureServiceTest]: no resource found for suffixes {-context.xml, Context.groovy}.
17:35:01.225 [Test worker] INFO org.springframework.test.context.support.AnnotationConfigContextLoaderUtils - Could not detect default configuration classes for test class [com.planet.develop.Service.ExpenditureServiceTest]: ExpenditureServiceTest does not declare any static, non-private, non-final, nested classes annotated with @Configuration.
17:35:01.288 [Test worker] DEBUG org.springframework.test.context.support.ActiveProfilesUtils - Could not find an 'annotation declaring class' for annotation type [org.springframework.test.context.ActiveProfiles] and class [com.planet.develop.Service.ExpenditureServiceTest]
17:35:01.397 [Test worker] DEBUG org.springframework.context.annotation.ClassPathScanningCandidateComponentProvider - Identified candidate component class: file [C:\Users\topjo\OneDrive\바탕 화면\SK LOOKIE - PLANet\PLANet\build\classes\java\main\com\planet\develop\DevelopApplication.class]
17:35:01.397 [Test worker] INFO org.springframework.boot.test.context.SpringBootTestContextBootstrapper - Found @SpringBootConfiguration com.planet.develop.DevelopApplication for test class com.planet.develop.Service.ExpenditureServiceTest
17:35:01.553 [Test worker] DEBUG org.springframework.boot.test.context.SpringBootTestContextBootstrapper - @TestExecutionListeners is not present for class [com.planet.develop.Service.ExpenditureServiceTest]: using defaults.
17:35:01.553 [Test worker] INFO org.springframework.boot.test.context.SpringBootTestContextBootstrapper - Loaded default TestExecutionListener class names from location [META-INF/spring.factories]: [org.springframework.boot.test.autoconfigure.restdocs.RestDocsTestExecutionListener, org.springframework.boot.test.autoconfigure.web.client.MockRestServiceServerResetTestExecutionListener, org.springframework.boot.test.autoconfigure.web.servlet.MockMvcPrintOnlyOnFailureTestExecutionListener, org.springframework.boot.test.autoconfigure.web.servlet.WebDriverTestExecutionListener, org.springframework.boot.test.autoconfigure.webservices.client.MockWebServiceServerTestExecutionListener, org.springframework.boot.test.mock.mockito.MockitoTestExecutionListener, org.springframework.boot.test.mock.mockito.ResetMocksTestExecutionListener, org.springframework.test.context.web.ServletTestExecutionListener, org.springframework.test.context.support.DirtiesContextBeforeModesTestExecutionListener, org.springframework.test.context.event.ApplicationEventsTestExecutionListener, org.springframework.test.context.support.DependencyInjectionTestExecutionListener, org.springframework.test.context.support.DirtiesContextTestExecutionListener, org.springframework.test.context.transaction.TransactionalTestExecutionListener, org.springframework.test.context.jdbc.SqlScriptsTestExecutionListener, org.springframework.test.context.event.EventPublishingTestExecutionListener]
17:35:01.569 [Test worker] INFO org.springframework.boot.test.context.SpringBootTestContextBootstrapper - Using TestExecutionListeners: [org.springframework.test.context.web.ServletTestExecutionListener@acb0951, org.springframework.test.context.support.DirtiesContextBeforeModesTestExecutionListener@5bf22f18, org.springframework.test.context.event.ApplicationEventsTestExecutionListener@267f474e, org.springframework.boot.test.mock.mockito.MockitoTestExecutionListener@7a7471ce, org.springframework.boot.test.autoconfigure.SpringBootDependencyInjectionTestExecutionListener@28276e50, org.springframework.test.context.support.DirtiesContextTestExecutionListener@62e70ea3, org.springframework.test.context.transaction.TransactionalTestExecutionListener@3efe7086, org.springframework.test.context.jdbc.SqlScriptsTestExecutionListener@675d8c96, org.springframework.test.context.event.EventPublishingTestExecutionListener@741b3bc3, org.springframework.boot.test.autoconfigure.restdocs.RestDocsTestExecutionListener@2ed3b1f5, org.springframework.boot.test.autoconfigure.web.client.MockRestServiceServerResetTestExecutionListener@63648ee9, org.springframework.boot.test.autoconfigure.web.servlet.MockMvcPrintOnlyOnFailureTestExecutionListener@68d6972f, org.springframework.boot.test.autoconfigure.web.servlet.WebDriverTestExecutionListener@45be7cd5, org.springframework.boot.test.autoconfigure.webservices.client.MockWebServiceServerTestExecutionListener@7651218e, org.springframework.boot.test.mock.mockito.ResetMocksTestExecutionListener@3185fa6b]
17:35:01.585 [Test worker] DEBUG org.springframework.test.context.support.AbstractDirtiesContextTestExecutionListener - Before test class: context [DefaultTestContext@319988b0 testClass = ExpenditureServiceTest, testInstance = [null], testMethod = [null], testException = [null], mergedContextConfiguration = [WebMergedContextConfiguration@d5ae57e testClass = ExpenditureServiceTest, locations = '{}', classes = '{class com.planet.develop.DevelopApplication}', contextInitializerClasses = '[]', activeProfiles = '{}', propertySourceLocations = '{}', propertySourceProperties = '{org.springframework.boot.test.context.SpringBootTestContextBootstrapper=true}', contextCustomizers = set[org.springframework.boot.test.autoconfigure.actuate.metrics.MetricsExportContextCustomizerFactory$DisableMetricExportContextCustomizer@40db2a24, org.springframework.boot.test.autoconfigure.properties.PropertyMappingContextCustomizer@0, org.springframework.boot.test.autoconfigure.web.servlet.WebDriverContextCustomizerFactory$Customizer@53de625d, org.springframework.boot.test.context.filter.ExcludeFilterContextCustomizer@24111ef1, org.springframework.boot.test.json.DuplicateJsonObjectContextCustomizerFactory$DuplicateJsonObjectContextCustomizer@5dcb4f5f, org.springframework.boot.test.mock.mockito.MockitoContextCustomizer@0, org.springframework.boot.test.web.client.TestRestTemplateContextCustomizer@51acdf2e, org.springframework.boot.test.context.SpringBootTestArgs@1, org.springframework.boot.test.context.SpringBootTestWebEnvironment@3a6bb9bf], resourceBasePath = 'src/main/webapp', contextLoader = 'org.springframework.boot.test.context.SpringBootContextLoader', parent = [null]], attributes = map['org.springframework.test.context.web.ServletTestExecutionListener.activateListener' -> true]], class annotated with @DirtiesContext [false] with mode [null].
17:35:01.647 [Test worker] DEBUG org.springframework.boot.ApplicationServletEnvironment - Activating profiles []
17:35:01.647 [Test worker] DEBUG org.springframework.test.context.support.TestPropertySourceUtils - Adding inlined properties to environment: {spring.jmx.enabled=false, org.springframework.boot.test.context.SpringBootTestContextBootstrapper=true}

  .   ____          _            __ _ _
 /\\ / ___'_ __ _ _(_)_ __  __ _ \ \ \ \
( ( )\___ | '_ | '_| | '_ \/ _` | \ \ \ \
 \\/  ___)| |_)| | | | | || (_| |  ) ) ) )
  '  |____| .__|_| |_|_| |_\__, | / / / /
 =========|_|==============|___/=/_/_/_/
 :: Spring Boot ::                (v2.6.1)

2021-12-28 17:35:02.060  INFO 2452 --- [    Test worker] c.p.d.Service.ExpenditureServiceTest     : Starting ExpenditureServiceTest using Java 14.0.2 on DESKTOP-KC736I6 with PID 2452 (started by topjo in C:\Users\topjo\OneDrive\바탕 화면\SK LOOKIE - PLANet\PLANet)
2021-12-28 17:35:02.060  INFO 2452 --- [    Test worker] c.p.d.Service.ExpenditureServiceTest     : No active profile set, falling back to default profiles: default
2021-12-28 17:35:03.355  INFO 2452 --- [    Test worker] .s.d.r.c.RepositoryConfigurationDelegate : Bootstrapping Spring Data JPA repositories in DEFAULT mode.
2021-12-28 17:35:03.496  INFO 2452 --- [    Test worker] .s.d.r.c.RepositoryConfigurationDelegate : Finished Spring Data repository scanning in 123 ms. Found 4 JPA repository interfaces.
2021-12-28 17:35:04.558  INFO 2452 --- [    Test worker] o.hibernate.jpa.internal.util.LogHelper  : HHH000204: Processing PersistenceUnitInfo [name: default]
2021-12-28 17:35:04.683  INFO 2452 --- [    Test worker] org.hibernate.Version                    : HHH000412: Hibernate ORM core version 5.6.1.Final
2021-12-28 17:35:04.995  INFO 2452 --- [    Test worker] o.hibernate.annotations.common.Version   : HCANN000001: Hibernate Commons Annotations {5.1.2.Final}
2021-12-28 17:35:05.198  INFO 2452 --- [    Test worker] com.zaxxer.hikari.HikariDataSource       : HikariPool-1 - Starting...
2021-12-28 17:35:05.308  INFO 2452 --- [    Test worker] com.zaxxer.hikari.HikariDataSource       : HikariPool-1 - Start completed.
2021-12-28 17:35:05.370  INFO 2452 --- [    Test worker] org.hibernate.dialect.Dialect            : HHH000400: Using dialect: org.hibernate.dialect.MariaDB106Dialect
2021-12-28 17:35:06.433  INFO 2452 --- [    Test worker] o.h.e.t.j.p.i.JtaPlatformInitiator       : HHH000490: Using JtaPlatform implementation: [org.hibernate.engine.transaction.jta.platform.internal.NoJtaPlatform]
2021-12-28 17:35:06.448  INFO 2452 --- [    Test worker] j.LocalContainerEntityManagerFactoryBean : Initialized JPA EntityManagerFactory for persistence unit 'default'
2021-12-28 17:35:07.354  WARN 2452 --- [    Test worker] JpaBaseConfiguration$JpaWebConfiguration : spring.jpa.open-in-view is enabled by default. Therefore, database queries may be performed during view rendering. Explicitly configure spring.jpa.open-in-view to disable this warning
2021-12-28 17:35:08.603  INFO 2452 --- [    Test worker] c.p.d.Service.ExpenditureServiceTest     : Started ExpenditureServiceTest in 6.957 seconds (JVM running for 9.086)
Hibernate: 
    select
        user0_.user_id as user_id1_3_0_,
        user0_.point as point2_3_0_,
        user0_.user_name as user_nam3_3_0_ 
    from
        user user0_ 
    where
        user0_.user_id=?
Hibernate: 
    select
        grade0_.user_id as user_id1_2_0_,
        grade0_.grade as grade2_2_0_ 
    from
        grade grade0_ 
    where
        grade0_.user_id=?
Hibernate: 
    select
        expenditur0_.eno as eno1_1_0_,
        expenditur0_.eco as eco2_1_0_,
        expenditur0_.eco_detail as eco_deta3_1_0_,
        expenditur0_.ex_type as ex_type4_1_0_,
        expenditur0_.ex_way as ex_way5_1_0_,
        expenditur0_.memo as memo6_1_0_ 
    from
        expenditure_detail expenditur0_ 
    where
        expenditur0_.eno=?
eno is 1
memo is memo
Hibernate: 
    select
        expenditur0_.eno as eno1_0_0_,
        expenditur0_.date as date2_0_0_,
        expenditur0_.cost as cost3_0_0_,
        expenditur0_.user_id as user_id4_0_0_ 
    from
        expenditure expenditur0_ 
    where
        expenditur0_.eno=?
Hibernate: 
    select
        expenditur0_.eno as eno1_1_0_,
        expenditur0_.eco as eco2_1_0_,
        expenditur0_.eco_detail as eco_deta3_1_0_,
        expenditur0_.ex_type as ex_type4_1_0_,
        expenditur0_.ex_way as ex_way5_1_0_,
        expenditur0_.memo as memo6_1_0_ 
    from
        expenditure_detail expenditur0_ 
    where
        expenditur0_.eno=?
Hibernate: 
    insert 
    into
        expenditure
        (date, cost, user_id, eno) 
    values
        (?, ?, ?, ?)
]]></system-out>
  <system-err><![CDATA[]]></system-err>
</testsuite>
